c:\msys64\home\ssonn\github2023\chili-framework-2016\engine\x64\debug\mainwindow.obj
c:\msys64\home\ssonn\github2023\chili-framework-2016\engine\x64\debug\poo.obj
c:\msys64\home\ssonn\github2023\chili-framework-2016\engine\x64\debug\dude.obj
c:\msys64\home\ssonn\github2023\chili-framework-2016\engine\x64\debug\main.obj
c:\msys64\home\ssonn\github2023\chili-framework-2016\engine\x64\debug\myrectangle.obj
c:\msys64\home\ssonn\github2023\chili-framework-2016\engine\x64\debug\graphics.obj
c:\msys64\home\ssonn\github2023\chili-framework-2016\engine\x64\debug\game.obj
c:\msys64\home\ssonn\github2023\chili-framework-2016\engine\x64\debug\dxerr.obj
c:\msys64\home\ssonn\github2023\chili-framework-2016\engine\x64\debug\keyboard.obj
c:\msys64\home\ssonn\github2023\chili-framework-2016\engine\x64\debug\mouse.obj
c:\msys64\home\ssonn\github2023\chili-framework-2016\engine\x64\debug\vc142.pdb
c:\msys64\home\ssonn\github2023\chili-framework-2016\engine\framebufferps.shh
c:\msys64\home\ssonn\github2023\chili-framework-2016\engine\framebuffervs.shh
c:\msys64\home\ssonn\github2023\chili-framework-2016\engine\x64\debug\resource.res
c:\msys64\home\ssonn\github2023\chili-framework-2016\engine\x64\debug\vc142.idb
c:\msys64\home\ssonn\github2023\x64\debug\engine.pdb
c:\msys64\home\ssonn\github2023\chili-framework-2016\engine\x64\debug\engine.tlog\cl.11516.write.1.tlog
c:\msys64\home\ssonn\github2023\chili-framework-2016\engine\x64\debug\engine.tlog\cl.command.1.tlog
c:\msys64\home\ssonn\github2023\chili-framework-2016\engine\x64\debug\engine.tlog\cl.read.1.tlog
c:\msys64\home\ssonn\github2023\chili-framework-2016\engine\x64\debug\engine.tlog\fxc.command.1.tlog
c:\msys64\home\ssonn\github2023\chili-framework-2016\engine\x64\debug\engine.tlog\fxc.read.1.tlog
c:\msys64\home\ssonn\github2023\chili-framework-2016\engine\x64\debug\engine.tlog\fxc.write.1.tlog
c:\msys64\home\ssonn\github2023\chili-framework-2016\engine\x64\debug\engine.tlog\link-cvtres.read.1.tlog
c:\msys64\home\ssonn\github2023\chili-framework-2016\engine\x64\debug\engine.tlog\link-cvtres.write.1.tlog
c:\msys64\home\ssonn\github2023\chili-framework-2016\engine\x64\debug\engine.tlog\link-rc.read.1.tlog
c:\msys64\home\ssonn\github2023\chili-framework-2016\engine\x64\debug\engine.tlog\link-rc.write.1.tlog
c:\msys64\home\ssonn\github2023\chili-framework-2016\engine\x64\debug\engine.tlog\link.command.1.tlog
c:\msys64\home\ssonn\github2023\chili-framework-2016\engine\x64\debug\engine.tlog\link.read.1.tlog
c:\msys64\home\ssonn\github2023\chili-framework-2016\engine\x64\debug\engine.tlog\link.write.1.tlog
c:\msys64\home\ssonn\github2023\chili-framework-2016\engine\x64\debug\engine.tlog\rc.command.1.tlog
c:\msys64\home\ssonn\github2023\chili-framework-2016\engine\x64\debug\engine.tlog\rc.read.1.tlog
c:\msys64\home\ssonn\github2023\chili-framework-2016\engine\x64\debug\engine.tlog\rc.write.1.tlog
